[
  {
    "level": "INFO",
    "message": "android.ndkVersion from module build.gradle is not set"
  },
  {
    "level": "INFO",
    "message": "ndk.dir in local.properties is /home/sam/android-ndk-r14b"
  },
  {
    "level": "INFO",
    "message": "ANDROID_NDK_HOME environment variable is not set"
  },
  {
    "level": "INFO",
    "message": "sdkFolder is /home/sam/Android/Sdk"
  },
  {
    "level": "INFO",
    "message": "Considering /home/sam/android-ndk-r14b by ndk.dir"
  },
  {
    "level": "INFO",
    "message": "Considering /home/sam/Android/Sdk/ndk-bundle in SDK ndk-bundle folder"
  },
  {
    "level": "INFO",
    "message": "Considering /home/sam/Android/Sdk/ndk/21.2.6472646 in SDK ndk folder"
  },
  {
    "level": "INFO",
    "message": "Considering /home/sam/Android/Sdk/ndk/21.0.6113669 in SDK ndk folder"
  },
  {
    "level": "INFO",
    "message": "Considering /home/sam/Android/Sdk/ndk/20.0.5594570 in SDK ndk folder"
  },
  {
    "level": "INFO",
    "message": "Found requested ndk.dir (/home/sam/android-ndk-r14b) which has version 14.1.3816874"
  }
]